This is pdfTeX, Version 3.141592653-2.6-1.40.26 (MiKTeX 24.4) (preloaded format=pdflatex 2024.12.17)  12 FEB 2025 15:46
entering extended mode
 restricted \write18 enabled.
 file:line:error style messages enabled.
 %&-line parsing enabled.
**"c:/Users/giova/OneDrive - unige.it/DOCUMENTS/Ph.D. Thesis/main.tex"
(c:/Users/giova/OneDrive - unige.it/DOCUMENTS/Ph.D. Thesis/main.tex
LaTeX2e <2024-11-01> patch level 1
L3 programming layer <2024-11-02>
(C:\Users\giova\AppData\Local\Programs\MiKTeX\tex/latex/base\book.cls
Document Class: book 2024/06/29 v1.4n Standard LaTeX document class
(C:\Users\giova\AppData\Local\Programs\MiKTeX\tex/latex/base\bk10.clo
File: bk10.clo 2024/06/29 v1.4n Standard LaTeX file (size option)
)
\c@part=\count196
\c@chapter=\count197
\c@section=\count198
\c@subsection=\count199
\c@subsubsection=\count266
\c@paragraph=\count267
\c@subparagraph=\count268
\c@figure=\count269
\c@table=\count270
\abovecaptionskip=\skip49
\belowcaptionskip=\skip50
\bibindent=\dimen141
) (C:\Users\giova\AppData\Local\Programs\MiKTeX\tex/latex/base\inputenc.sty
Package: inputenc 2024/02/08 v1.3d Input encoding file
\inpenc@prehook=\toks17
\inpenc@posthook=\toks18
) (C:\Users\giova\AppData\Local\Programs\MiKTeX\tex/latex/csquotes\csquotes.sty
Package: csquotes 2024-04-04 v5.2o context-sensitive quotations (JAW)
 (C:\Users\giova\AppData\Local\Programs\MiKTeX\tex/latex/etoolbox\etoolbox.sty
Package: etoolbox 2020/10/05 v2.5k e-TeX tools for LaTeX (JAW)
\etb@tempcnta=\count271
) (C:\Users\giova\AppData\Local\Programs\MiKTeX\tex/latex/graphics\keyval.sty
Package: keyval 2022/05/29 v1.15 key=value parser (DPC)
\KV@toks@=\toks19
)
\csq@reset=\count272
\csq@gtype=\count273
\csq@glevel=\count274
\csq@qlevel=\count275
\csq@maxlvl=\count276
\csq@tshold=\count277
\csq@ltx@everypar=\toks20
 (C:\Users\giova\AppData\Local\Programs\MiKTeX\tex/latex/csquotes\csquotes.def
File: csquotes.def 2024-04-04 v5.2o csquotes generic definitions (JAW)
)
Package csquotes Info: Trying to load configuration file 'csquotes.cfg'...
Package csquotes Info: ... configuration file loaded successfully.
 (C:\Users\giova\AppData\Local\Programs\MiKTeX\tex/latex/csquotes\csquotes.cfg
File: csquotes.cfg 
)) (C:\Users\giova\AppData\Local\Programs\MiKTeX\tex/generic/babel\babel.sty
Package: babel 2024/11/30 v24.14 The multilingual framework for pdfLaTeX, LuaLaTeX and XeLaTeX
\babel@savecnt=\count278
\U@D=\dimen142
\l@unhyphenated=\language79
 (C:\Users\giova\AppData\Local\Programs\MiKTeX\tex/generic/babel\txtbabel.def)
\bbl@readstream=\read2
\bbl@dirlevel=\count279

*************************************
* Local config file bblopts.cfg used
*
(C:\Users\giova\AppData\Local\Programs\MiKTeX\tex/latex/arabi\bblopts.cfg
File: bblopts.cfg 2005/09/08 v0.1 add Arabic and Farsi to "declared" options of babel
) (C:\Users\giova\AppData\Local\Programs\MiKTeX\tex/latex/babel-english\english.ldf
Language: english 2017/06/06 v3.3r English support from the babel system
Package babel Info: Hyphen rules for 'canadian' set to \l@english
(babel)             (\language0). Reported on input line 102.
Package babel Info: Hyphen rules for 'australian' set to \l@ukenglish
(babel)             (\language73). Reported on input line 105.
Package babel Info: Hyphen rules for 'newzealand' set to \l@ukenglish
(babel)             (\language73). Reported on input line 108.
)) (C:\Users\giova\AppData\Local\Programs\MiKTeX\tex/generic/babel/locale/en\babel-english.tex
Package babel Info: Importing font and identification data for english
(babel)             from babel-en.ini. Reported on input line 11.
) (C:\Users\giova\AppData\Local\Programs\MiKTeX\tex/latex/graphics\graphicx.sty
Package: graphicx 2021/09/16 v1.2d Enhanced LaTeX Graphics (DPC,SPQR)
 (C:\Users\giova\AppData\Local\Programs\MiKTeX\tex/latex/graphics\graphics.sty
Package: graphics 2024/08/06 v1.4g Standard LaTeX Graphics (DPC,SPQR)
 (C:\Users\giova\AppData\Local\Programs\MiKTeX\tex/latex/graphics\trig.sty
Package: trig 2023/12/02 v1.11 sin cos tan (DPC)
) (C:\Users\giova\AppData\Local\Programs\MiKTeX\tex/latex/graphics-cfg\graphics.cfg
File: graphics.cfg 2016/06/04 v1.11 sample graphics configuration
)
Package graphics Info: Driver file: pdftex.def on input line 106.
 (C:\Users\giova\AppData\Local\Programs\MiKTeX\tex/latex/graphics-def\pdftex.def
File: pdftex.def 2024/04/13 v1.2c Graphics/color driver for pdftex
))
\Gin@req@height=\dimen143
\Gin@req@width=\dimen144
) (C:\Users\giova\AppData\Local\Programs\MiKTeX\tex/latex/biblatex\biblatex.sty
Package: biblatex 2024/03/21 v3.20 programmable bibliographies (PK/MW)
 (C:\Users\giova\AppData\Local\Programs\MiKTeX\tex/generic/pdftexcmds\pdftexcmds.sty
Package: pdftexcmds 2020-06-27 v0.33 Utility functions of pdfTeX for LuaTeX (HO)
 (C:\Users\giova\AppData\Local\Programs\MiKTeX\tex/generic/infwarerr\infwarerr.sty
Package: infwarerr 2019/12/03 v1.5 Providing info/warning/error messages (HO)
) (C:\Users\giova\AppData\Local\Programs\MiKTeX\tex/generic/iftex\iftex.sty
Package: iftex 2024/12/12 v1.0g TeX engine tests
) (C:\Users\giova\AppData\Local\Programs\MiKTeX\tex/generic/ltxcmds\ltxcmds.sty
Package: ltxcmds 2023-12-04 v1.26 LaTeX kernel commands for general use (HO)
)
Package pdftexcmds Info: \pdf@primitive is available.
Package pdftexcmds Info: \pdf@ifprimitive is available.
Package pdftexcmds Info: \pdfdraftmode found.
) (C:\Users\giova\AppData\Local\Programs\MiKTeX\tex/latex/kvoptions\kvoptions.sty
Package: kvoptions 2022-06-15 v3.15 Key value format for package options (HO)
 (C:\Users\giova\AppData\Local\Programs\MiKTeX\tex/latex/kvsetkeys\kvsetkeys.sty
Package: kvsetkeys 2022-10-05 v1.19 Key value parser (HO)
)) (C:\Users\giova\AppData\Local\Programs\MiKTeX\tex/latex/logreq\logreq.sty
Package: logreq 2010/08/04 v1.0 xml request logger
\lrq@indent=\count280
 (C:\Users\giova\AppData\Local\Programs\MiKTeX\tex/latex/logreq\logreq.def
File: logreq.def 2010/08/04 v1.0 logreq spec v1.0
)) (C:\Users\giova\AppData\Local\Programs\MiKTeX\tex/latex/base\ifthen.sty
Package: ifthen 2024/03/16 v1.1e Standard LaTeX ifthen package (DPC)
) (C:\Users\giova\AppData\Local\Programs\MiKTeX\tex/latex/url\url.sty
\Urlmuskip=\muskip17
Package: url 2013/09/16  ver 3.4  Verb mode for urls, etc.
)
\c@tabx@nest=\count281
\c@listtotal=\count282
\c@listcount=\count283
\c@liststart=\count284
\c@liststop=\count285
\c@citecount=\count286
\c@citetotal=\count287
\c@multicitecount=\count288
\c@multicitetotal=\count289
\c@instcount=\count290
\c@maxnames=\count291
\c@minnames=\count292
\c@maxitems=\count293
\c@minitems=\count294
\c@citecounter=\count295
\c@maxcitecounter=\count296
\c@savedcitecounter=\count297
\c@uniquelist=\count298
\c@uniquename=\count299
\c@refsection=\count300
\c@refsegment=\count301
\c@maxextratitle=\count302
\c@maxextratitleyear=\count303
\c@maxextraname=\count304
\c@maxextradate=\count305
\c@maxextraalpha=\count306
\c@abbrvpenalty=\count307
\c@highnamepenalty=\count308
\c@lownamepenalty=\count309
\c@maxparens=\count310
\c@parenlevel=\count311
\blx@tempcnta=\count312
\blx@tempcntb=\count313
\blx@tempcntc=\count314
\c@blx@maxsection=\count315
\blx@maxsegment@0=\count316
\blx@notetype=\count317
\blx@parenlevel@text=\count318
\blx@parenlevel@foot=\count319
\blx@sectionciteorder@0=\count320
\blx@sectionciteorderinternal@0=\count321
\blx@entrysetcounter=\count322
\blx@biblioinstance=\count323
\labelnumberwidth=\skip51
\labelalphawidth=\skip52
\biblabelsep=\skip53
\bibitemsep=\skip54
\bibnamesep=\skip55
\bibinitsep=\skip56
\bibparsep=\skip57
\bibhang=\skip58
\blx@bcfin=\read3
\blx@bcfout=\write3
\blx@langwohyphens=\language80
\c@mincomprange=\count324
\c@maxcomprange=\count325
\c@mincompwidth=\count326
Package biblatex Info: Trying to load biblatex default data model...
Package biblatex Info: ... file 'blx-dm.def' found.
 (C:\Users\giova\AppData\Local\Programs\MiKTeX\tex/latex/biblatex\blx-dm.def
File: blx-dm.def 2024/03/21 v3.20 biblatex datamodel (PK/MW)
)
Package biblatex Info: Trying to load biblatex style data model...
Package biblatex Info: ... file 'authoryear.dbx' not found.
Package biblatex Info: Trying to load biblatex custom data model...
Package biblatex Info: ... file 'biblatex-dm.cfg' not found.
\c@afterword=\count327
\c@savedafterword=\count328
\c@annotator=\count329
\c@savedannotator=\count330
\c@author=\count331
\c@savedauthor=\count332
\c@bookauthor=\count333
\c@savedbookauthor=\count334
\c@commentator=\count335
\c@savedcommentator=\count336
\c@editor=\count337
\c@savededitor=\count338
\c@editora=\count339
\c@savededitora=\count340
\c@editorb=\count341
\c@savededitorb=\count342
\c@editorc=\count343
\c@savededitorc=\count344
\c@foreword=\count345
\c@savedforeword=\count346
\c@holder=\count347
\c@savedholder=\count348
\c@introduction=\count349
\c@savedintroduction=\count350
\c@namea=\count351
\c@savednamea=\count352
\c@nameb=\count353
\c@savednameb=\count354
\c@namec=\count355
\c@savednamec=\count356
\c@translator=\count357
\c@savedtranslator=\count358
\c@shortauthor=\count359
\c@savedshortauthor=\count360
\c@shorteditor=\count361
\c@savedshorteditor=\count362
\c@labelname=\count363
\c@savedlabelname=\count364
\c@institution=\count365
\c@savedinstitution=\count366
\c@lista=\count367
\c@savedlista=\count368
\c@listb=\count369
\c@savedlistb=\count370
\c@listc=\count371
\c@savedlistc=\count372
\c@listd=\count373
\c@savedlistd=\count374
\c@liste=\count375
\c@savedliste=\count376
\c@listf=\count377
\c@savedlistf=\count378
\c@location=\count379
\c@savedlocation=\count380
\c@organization=\count381
\c@savedorganization=\count382
\c@origlocation=\count383
\c@savedoriglocation=\count384
\c@origpublisher=\count385
\c@savedorigpublisher=\count386
\c@publisher=\count387
\c@savedpublisher=\count388
\c@language=\count389
\c@savedlanguage=\count390
\c@origlanguage=\count391
\c@savedoriglanguage=\count392
\c@pageref=\count393
\c@savedpageref=\count394
\shorthandwidth=\skip59
\shortjournalwidth=\skip60
\shortserieswidth=\skip61
\shorttitlewidth=\skip62
\shortauthorwidth=\skip63
\shorteditorwidth=\skip64
\locallabelnumberwidth=\skip65
\locallabelalphawidth=\skip66
\localshorthandwidth=\skip67
\localshortjournalwidth=\skip68
\localshortserieswidth=\skip69
\localshorttitlewidth=\skip70
\localshortauthorwidth=\skip71
\localshorteditorwidth=\skip72
Package biblatex Info: Trying to load compatibility code...
Package biblatex Info: ... file 'blx-compat.def' found.
 (C:\Users\giova\AppData\Local\Programs\MiKTeX\tex/latex/biblatex\blx-compat.def
File: blx-compat.def 2024/03/21 v3.20 biblatex compatibility (PK/MW)
)
Package biblatex Info: Trying to load generic definitions...
Package biblatex Info: ... file 'biblatex.def' found.
 (C:\Users\giova\AppData\Local\Programs\MiKTeX\tex/latex/biblatex\biblatex.def
File: biblatex.def 2024/03/21 v3.20 biblatex compatibility (PK/MW)
\c@textcitecount=\count395
\c@textcitetotal=\count396
\c@textcitemaxnames=\count397
\c@biburlbigbreakpenalty=\count398
\c@biburlbreakpenalty=\count399
\c@biburlnumpenalty=\count400
\c@biburlucpenalty=\count401
\c@biburllcpenalty=\count402
\biburlbigskip=\muskip18
\biburlnumskip=\muskip19
\biburlucskip=\muskip20
\biburllcskip=\muskip21
\c@smartand=\count403
)
Package biblatex Info: Trying to load bibliography style 'authoryear'...
Package biblatex Info: ... file 'authoryear.bbx' found.
 (C:\Users\giova\AppData\Local\Programs\MiKTeX\tex/latex/biblatex/bbx\authoryear.bbx
File: authoryear.bbx 2024/03/21 v3.20 biblatex bibliography style (PK/MW)
Package biblatex Info: Trying to load bibliography style 'standard'...
Package biblatex Info: ... file 'standard.bbx' found.
 (C:\Users\giova\AppData\Local\Programs\MiKTeX\tex/latex/biblatex/bbx\standard.bbx
File: standard.bbx 2024/03/21 v3.20 biblatex bibliography style (PK/MW)
\c@bbx:relatedcount=\count404
\c@bbx:relatedtotal=\count405
))
Package biblatex Info: Trying to load citation style 'authoryear-comp'...
Package biblatex Info: ... file 'authoryear-comp.cbx' found.
 (C:\Users\giova\AppData\Local\Programs\MiKTeX\tex/latex/biblatex/cbx\authoryear-comp.cbx
File: authoryear-comp.cbx 2024/03/21 v3.20 biblatex citation style (PK/MW)
Package biblatex Info: Redefining '\cite'.
Package biblatex Info: Redefining '\parencite'.
Package biblatex Info: Redefining '\footcite'.
Package biblatex Info: Redefining '\footcitetext'.
Package biblatex Info: Redefining '\smartcite'.
Package biblatex Info: Redefining '\textcite'.
Package biblatex Info: Redefining '\textcites'.
Package biblatex Info: Redefining '\cites'.
Package biblatex Info: Redefining '\parencites'.
Package biblatex Info: Redefining '\footcites'.
Package biblatex Info: Redefining '\footcitetexts'.
Package biblatex Info: Redefining '\smartcites'.
)
Package biblatex Info: Trying to load configuration file...
Package biblatex Info: ... file 'biblatex.cfg' found.
 (C:\Users\giova\AppData\Local\Programs\MiKTeX\tex/latex/biblatex\biblatex.cfg
File: biblatex.cfg 
)
Package biblatex Info: Input encoding 'utf8' detected.
Package biblatex Info: Document encoding is UTF8 ....
 (C:\Users\giova\AppData\Local\Programs\MiKTeX\tex/latex/l3kernel\expl3.sty
Package: expl3 2024-11-02 L3 programming layer (loader) 
 (C:\Users\giova\AppData\Local\Programs\MiKTeX\tex/latex/l3backend\l3backend-pdftex.def
File: l3backend-pdftex.def 2024-05-08 L3 backend support: PDF output (pdfTeX)
\l__color_backend_stack_int=\count406
\l__pdf_internal_box=\box52
))
Package biblatex Info: ... and expl3
(biblatex)             2024-11-02 L3 programming layer (loader) 
(biblatex)             is new enough (at least 2020/04/06),
(biblatex)             setting 'casechanger=expl3'.
 (C:\Users\giova\AppData\Local\Programs\MiKTeX\tex/latex/biblatex\blx-case-expl3.sty (C:\Users\giova\AppData\Local\Programs\MiKTeX\tex/latex/l3packages/xparse\xparse.sty
Package: xparse 2024-08-16 L3 Experimental document command parser
)
Package: blx-case-expl3 2024/03/21 v3.20 expl3 case changing code for biblatex
)) (C:\Users\giova\AppData\Local\Programs\MiKTeX\tex/latex/hyperref\hyperref.sty
Package: hyperref 2024-11-05 v7.01l Hypertext links for LaTeX
 (C:\Users\giova\AppData\Local\Programs\MiKTeX\tex/generic/kvdefinekeys\kvdefinekeys.sty
Package: kvdefinekeys 2019-12-19 v1.6 Define keys (HO)
) (C:\Users\giova\AppData\Local\Programs\MiKTeX\tex/generic/pdfescape\pdfescape.sty
Package: pdfescape 2019/12/09 v1.15 Implements pdfTeX's escape features (HO)
) (C:\Users\giova\AppData\Local\Programs\MiKTeX\tex/latex/hycolor\hycolor.sty
Package: hycolor 2020-01-27 v1.10 Color options for hyperref/bookmark (HO)
) (C:\Users\giova\AppData\Local\Programs\MiKTeX\tex/latex/hyperref\nameref.sty
Package: nameref 2023-11-26 v2.56 Cross-referencing by name of section
 (C:\Users\giova\AppData\Local\Programs\MiKTeX\tex/latex/refcount\refcount.sty
Package: refcount 2019/12/15 v3.6 Data extraction from label references (HO)
) (C:\Users\giova\AppData\Local\Programs\MiKTeX\tex/generic/gettitlestring\gettitlestring.sty
Package: gettitlestring 2019/12/15 v1.6 Cleanup title references (HO)
)
\c@section@level=\count407
) (C:\Users\giova\AppData\Local\Programs\MiKTeX\tex/generic/stringenc\stringenc.sty
Package: stringenc 2019/11/29 v1.12 Convert strings between diff. encodings (HO)
)
\@linkdim=\dimen145
\Hy@linkcounter=\count408
\Hy@pagecounter=\count409
 (C:\Users\giova\AppData\Local\Programs\MiKTeX\tex/latex/hyperref\pd1enc.def
File: pd1enc.def 2024-11-05 v7.01l Hyperref: PDFDocEncoding definition (HO)
Now handling font encoding PD1 ...
... no UTF-8 mapping file for font encoding PD1
) (C:\Users\giova\AppData\Local\Programs\MiKTeX\tex/generic/intcalc\intcalc.sty
Package: intcalc 2019/12/15 v1.3 Expandable calculations with integers (HO)
)
\Hy@SavedSpaceFactor=\count410
 (C:\Users\giova\AppData\Local\Programs\MiKTeX\tex/latex/hyperref\puenc.def
File: puenc.def 2024-11-05 v7.01l Hyperref: PDF Unicode definition (HO)
Now handling font encoding PU ...
... no UTF-8 mapping file for font encoding PU
)
Package hyperref Info: Option `colorlinks' set `true' on input line 4040.
Package hyperref Info: Hyper figures OFF on input line 4157.
Package hyperref Info: Link nesting OFF on input line 4162.
Package hyperref Info: Hyper index ON on input line 4165.
Package hyperref Info: Plain pages OFF on input line 4172.
Package hyperref Info: Backreferencing OFF on input line 4177.
Package hyperref Info: Implicit mode ON; LaTeX internals redefined.
Package hyperref Info: Bookmarks ON on input line 4424.
\c@Hy@tempcnt=\count411
LaTeX Info: Redefining \url on input line 4763.
\XeTeXLinkMargin=\dimen146
 (C:\Users\giova\AppData\Local\Programs\MiKTeX\tex/generic/bitset\bitset.sty
Package: bitset 2019/12/09 v1.3 Handle bit-vector datatype (HO)
 (C:\Users\giova\AppData\Local\Programs\MiKTeX\tex/generic/bigintcalc\bigintcalc.sty
Package: bigintcalc 2019/12/15 v1.5 Expandable calculations on big integers (HO)
))
\Fld@menulength=\count412
\Field@Width=\dimen147
\Fld@charsize=\dimen148
Package hyperref Info: Hyper figures OFF on input line 6042.
Package hyperref Info: Link nesting OFF on input line 6047.
Package hyperref Info: Hyper index ON on input line 6050.
Package hyperref Info: backreferencing OFF on input line 6057.
Package hyperref Info: Link coloring ON on input line 6060.
Package hyperref Info: Link coloring with OCG OFF on input line 6067.
Package hyperref Info: PDF/A mode OFF on input line 6072.
 (C:\Users\giova\AppData\Local\Programs\MiKTeX\tex/latex/base\atbegshi-ltx.sty
Package: atbegshi-ltx 2021/01/10 v1.0c Emulation of the original atbegshi
package with kernel methods
)
\Hy@abspage=\count413
\c@Item=\count414
\c@Hfootnote=\count415
)
Package hyperref Info: Driver (autodetected): hpdftex.
 (C:\Users\giova\AppData\Local\Programs\MiKTeX\tex/latex/hyperref\hpdftex.def
File: hpdftex.def 2024-11-05 v7.01l Hyperref driver for pdfTeX
 (C:\Users\giova\AppData\Local\Programs\MiKTeX\tex/latex/base\atveryend-ltx.sty
Package: atveryend-ltx 2020/08/19 v1.0a Emulation of the original atveryend package
with kernel methods
)
\Fld@listcount=\count416
\c@bookmark@seq@number=\count417
 (C:\Users\giova\AppData\Local\Programs\MiKTeX\tex/latex/rerunfilecheck\rerunfilecheck.sty
Package: rerunfilecheck 2022-07-10 v1.10 Rerun checks for auxiliary files (HO)
 (C:\Users\giova\AppData\Local\Programs\MiKTeX\tex/generic/uniquecounter\uniquecounter.sty
Package: uniquecounter 2019/12/15 v1.4 Provide unlimited unique counter (HO)
)
Package uniquecounter Info: New unique counter `rerunfilecheck' on input line 285.
)
\Hy@SectionHShift=\skip73
) (C:\Users\giova\AppData\Local\Programs\MiKTeX\tex/latex/caption\caption.sty
Package: caption 2023/08/05 v3.6o Customizing captions (AR)
 (C:\Users\giova\AppData\Local\Programs\MiKTeX\tex/latex/caption\caption3.sty
Package: caption3 2023/07/31 v2.4d caption3 kernel (AR)
\caption@tempdima=\dimen149
\captionmargin=\dimen150
\caption@leftmargin=\dimen151
\caption@rightmargin=\dimen152
\caption@width=\dimen153
\caption@indent=\dimen154
\caption@parindent=\dimen155
\caption@hangindent=\dimen156
Package caption Info: Standard document class detected.
)
\c@caption@flags=\count418
\c@continuedfloat=\count419
Package caption Info: hyperref package is loaded.
) (C:\Users\giova\AppData\Local\Programs\MiKTeX\tex/latex/caption\subcaption.sty
Package: subcaption 2023/07/28 v1.6b Sub-captions (AR)
Package caption Info: New subtype `subfigure' on input line 238.
\c@subfigure=\count420
Package caption Info: New subtype `subtable' on input line 238.
\c@subtable=\count421
) (C:\Users\giova\AppData\Local\Programs\MiKTeX\tex/latex/amsmath\amsmath.sty
Package: amsmath 2024/11/05 v2.17t AMS math features
\@mathmargin=\skip74

For additional information on amsmath, use the `?' option.
(C:\Users\giova\AppData\Local\Programs\MiKTeX\tex/latex/amsmath\amstext.sty
Package: amstext 2021/08/26 v2.01 AMS text
 (C:\Users\giova\AppData\Local\Programs\MiKTeX\tex/latex/amsmath\amsgen.sty
File: amsgen.sty 1999/11/30 v2.0 generic functions
\@emptytoks=\toks21
\ex@=\dimen157
)) (C:\Users\giova\AppData\Local\Programs\MiKTeX\tex/latex/amsmath\amsbsy.sty
Package: amsbsy 1999/11/29 v1.2d Bold Symbols
\pmbraise@=\dimen158
) (C:\Users\giova\AppData\Local\Programs\MiKTeX\tex/latex/amsmath\amsopn.sty
Package: amsopn 2022/04/08 v2.04 operator names
)
\inf@bad=\count422
LaTeX Info: Redefining \frac on input line 233.
\uproot@=\count423
\leftroot@=\count424
LaTeX Info: Redefining \overline on input line 398.
LaTeX Info: Redefining \colon on input line 409.
\classnum@=\count425
\DOTSCASE@=\count426
LaTeX Info: Redefining \ldots on input line 495.
LaTeX Info: Redefining \dots on input line 498.
LaTeX Info: Redefining \cdots on input line 619.
\Mathstrutbox@=\box53
\strutbox@=\box54
LaTeX Info: Redefining \big on input line 721.
LaTeX Info: Redefining \Big on input line 722.
LaTeX Info: Redefining \bigg on input line 723.
LaTeX Info: Redefining \Bigg on input line 724.
\big@size=\dimen159
LaTeX Font Info:    Redeclaring font encoding OML on input line 742.
LaTeX Font Info:    Redeclaring font encoding OMS on input line 743.
\macc@depth=\count427
LaTeX Info: Redefining \bmod on input line 904.
LaTeX Info: Redefining \pmod on input line 909.
LaTeX Info: Redefining \smash on input line 939.
LaTeX Info: Redefining \relbar on input line 969.
LaTeX Info: Redefining \Relbar on input line 970.
\c@MaxMatrixCols=\count428
\dotsspace@=\muskip22
\c@parentequation=\count429
\dspbrk@lvl=\count430
\tag@help=\toks22
\row@=\count431
\column@=\count432
\maxfields@=\count433
\andhelp@=\toks23
\eqnshift@=\dimen160
\alignsep@=\dimen161
\tagshift@=\dimen162
\tagwidth@=\dimen163
\totwidth@=\dimen164
\lineht@=\dimen165
\@envbody=\toks24
\multlinegap=\skip75
\multlinetaggap=\skip76
\mathdisplay@stack=\toks25
LaTeX Info: Redefining \[ on input line 2953.
LaTeX Info: Redefining \] on input line 2954.
) (C:\Users\giova\AppData\Local\Programs\MiKTeX\tex/latex/mathtools\mathtools.sty
Package: mathtools 2024/10/04 v1.31 mathematical typesetting tools
 (C:\Users\giova\AppData\Local\Programs\MiKTeX\tex/latex/tools\calc.sty
Package: calc 2023/07/08 v4.3 Infix arithmetic (KKT,FJ)
\calc@Acount=\count434
\calc@Bcount=\count435
\calc@Adimen=\dimen166
\calc@Bdimen=\dimen167
\calc@Askip=\skip77
\calc@Bskip=\skip78
LaTeX Info: Redefining \setlength on input line 80.
LaTeX Info: Redefining \addtolength on input line 81.
\calc@Ccount=\count436
\calc@Cskip=\skip79
) (C:\Users\giova\AppData\Local\Programs\MiKTeX\tex/latex/mathtools\mhsetup.sty
Package: mhsetup 2021/03/18 v1.4 programming setup (MH)
)
\g_MT_multlinerow_int=\count437
\l_MT_multwidth_dim=\dimen168
\origjot=\skip80
\l_MT_shortvdotswithinadjustabove_dim=\dimen169
\l_MT_shortvdotswithinadjustbelow_dim=\dimen170
\l_MT_above_intertext_sep=\dimen171
\l_MT_below_intertext_sep=\dimen172
\l_MT_above_shortintertext_sep=\dimen173
\l_MT_below_shortintertext_sep=\dimen174
\xmathstrut@box=\box55
\xmathstrut@dim=\dimen175
) (C:\Users\giova\AppData\Local\Programs\MiKTeX\tex/latex/amsfonts\amssymb.sty
Package: amssymb 2013/01/14 v3.01 AMS font symbols
 (C:\Users\giova\AppData\Local\Programs\MiKTeX\tex/latex/amsfonts\amsfonts.sty
Package: amsfonts 2013/01/14 v3.01 Basic AMSFonts support
\symAMSa=\mathgroup4
\symAMSb=\mathgroup5
LaTeX Font Info:    Redeclaring math symbol \hbar on input line 98.
LaTeX Font Info:    Overwriting math alphabet `\mathfrak' in version `bold'
(Font)                  U/euf/m/n --> U/euf/b/n on input line 106.
)) (C:\Users\giova\AppData\Local\Programs\MiKTeX\tex/latex/geometry\geometry.sty
Package: geometry 2020/01/02 v5.9 Page Geometry
 (C:\Users\giova\AppData\Local\Programs\MiKTeX\tex/generic/iftex\ifvtex.sty
Package: ifvtex 2019/10/25 v1.7 ifvtex legacy package. Use iftex instead.
)
\Gm@cnth=\count438
\Gm@cntv=\count439
\c@Gm@tempcnt=\count440
\Gm@bindingoffset=\dimen176
\Gm@wd@mp=\dimen177
\Gm@odd@mp=\dimen178
\Gm@even@mp=\dimen179
\Gm@layoutwidth=\dimen180
\Gm@layoutheight=\dimen181
\Gm@layouthoffset=\dimen182
\Gm@layoutvoffset=\dimen183
\Gm@dimlist=\toks26
 (C:\Users\giova\AppData\Local\Programs\MiKTeX\tex/latex/geometry\geometry.cfg)) (C:\Users\giova\AppData\Local\Programs\MiKTeX\tex/latex/booktabs\booktabs.sty
Package: booktabs 2020/01/12 v1.61803398 Publication quality tables
\heavyrulewidth=\dimen184
\lightrulewidth=\dimen185
\cmidrulewidth=\dimen186
\belowrulesep=\dimen187
\belowbottomsep=\dimen188
\aboverulesep=\dimen189
\abovetopsep=\dimen190
\cmidrulesep=\dimen191
\cmidrulekern=\dimen192
\defaultaddspace=\dimen193
\@cmidla=\count441
\@cmidlb=\count442
\@aboverulesep=\dimen194
\@belowrulesep=\dimen195
\@thisruleclass=\count443
\@lastruleclass=\count444
\@thisrulewidth=\dimen196
) (C:\Users\giova\AppData\Local\Programs\MiKTeX\tex/latex/tools\longtable.sty
Package: longtable 2024-10-27 v4.22 Multi-page Table package (DPC)
\LTleft=\skip81
\LTright=\skip82
\LTpre=\skip83
\LTpost=\skip84
\LTchunksize=\count445
\LTcapwidth=\dimen197
\LT@head=\box56
\LT@firsthead=\box57
\LT@foot=\box58
\LT@lastfoot=\box59
\LT@gbox=\box60
\LT@cols=\count446
\LT@rows=\count447
\c@LT@tables=\count448
\c@LT@chunks=\count449
\LT@p@ftn=\toks27
) (C:\Users\giova\AppData\Local\Programs\MiKTeX\tex/latex/adjustbox\adjustbox.sty
Package: adjustbox 2022/10/17 v1.3a Adjusting TeX boxes (trim, clip, ...)
 (C:\Users\giova\AppData\Local\Programs\MiKTeX\tex/latex/xkeyval\xkeyval.sty
Package: xkeyval 2022/06/16 v2.9 package option processing (HA)
 (C:\Users\giova\AppData\Local\Programs\MiKTeX\tex/generic/xkeyval\xkeyval.tex (C:\Users\giova\AppData\Local\Programs\MiKTeX\tex/generic/xkeyval\xkvutils.tex
\XKV@toks=\toks28
\XKV@tempa@toks=\toks29
)
\XKV@depth=\count450
File: xkeyval.tex 2014/12/03 v2.7a key=value parser (HA)
)) (C:\Users\giova\AppData\Local\Programs\MiKTeX\tex/latex/adjustbox\adjcalc.sty
Package: adjcalc 2012/05/16 v1.1 Provides advanced setlength with multiple back-ends (calc, etex, pgfmath)
) (C:\Users\giova\AppData\Local\Programs\MiKTeX\tex/latex/adjustbox\trimclip.sty
Package: trimclip 2020/08/19 v1.2 Trim and clip general TeX material
 (C:\Users\giova\AppData\Local\Programs\MiKTeX\tex/latex/collectbox\collectbox.sty
Package: collectbox 2022/10/17 v0.4c Collect macro arguments as boxes
\collectedbox=\box61
)
\tc@llx=\dimen198
\tc@lly=\dimen199
\tc@urx=\dimen256
\tc@ury=\dimen257
Package trimclip Info: Using driver 'tc-pdftex.def'.
 (C:\Users\giova\AppData\Local\Programs\MiKTeX\tex/latex/adjustbox\tc-pdftex.def
File: tc-pdftex.def 2019/01/04 v2.2 Clipping driver for pdftex
))
\adjbox@Width=\dimen258
\adjbox@Height=\dimen259
\adjbox@Depth=\dimen260
\adjbox@Totalheight=\dimen261
\adjbox@pwidth=\dimen262
\adjbox@pheight=\dimen263
\adjbox@pdepth=\dimen264
\adjbox@ptotalheight=\dimen265
 (C:\Users\giova\AppData\Local\Programs\MiKTeX\tex/latex/ifoddpage\ifoddpage.sty
Package: ifoddpage 2022/10/18 v1.2 Conditionals for odd/even page detection
\c@checkoddpage=\count451
) (C:\Users\giova\AppData\Local\Programs\MiKTeX\tex/latex/varwidth\varwidth.sty
Package: varwidth 2009/03/30 ver 0.92;  Variable-width minipages
\@vwid@box=\box62
\sift@deathcycles=\count452
\@vwid@loff=\dimen266
\@vwid@roff=\dimen267
)) (C:\Users\giova\AppData\Local\Programs\MiKTeX\tex/latex/tools\array.sty
Package: array 2024/10/17 v2.6g Tabular extension package (FMi)
\col@sep=\dimen268
\ar@mcellbox=\box63
\extrarowheight=\dimen269
\NC@list=\toks30
\extratabsurround=\skip85
\backup@length=\skip86
\ar@cellbox=\box64
) (C:\Users\giova\AppData\Local\Programs\MiKTeX\tex/latex/tocbibind\tocbibind.sty
Package: tocbibind 2010/10/13 v1.5k extra ToC listings
Package tocbibind Info: The document has chapter divisions on input line 50.


Package tocbibind Note: Using chapter style headings, unless overridden.

) (C:\Users\giova\AppData\Local\Programs\MiKTeX\tex/latex/lineno\lineno.sty
Package: lineno 2023/05/20 line numbers on paragraphs v5.3
\linenopenalty=\count453
\output=\toks31
\linenoprevgraf=\count454
\linenumbersep=\dimen270
\linenumberwidth=\dimen271
\c@linenumber=\count455
\c@pagewiselinenumber=\count456
\c@LN@truepage=\count457
\c@internallinenumber=\count458
\c@internallinenumbers=\count459
\quotelinenumbersep=\dimen272
\bframerule=\dimen273
\bframesep=\dimen274
\bframebox=\box65
\linenoamsmath@ams@eqpen=\count460


LaTeX Warning: Command \@parboxrestore  has changed.
               Check if current package is valid.

LaTeX Info: Redefining \\ on input line 3180.
) (C:\Users\giova\AppData\Local\Programs\MiKTeX\tex/latex/fancyhdr\fancyhdr.sty
Package: fancyhdr 2024/12/09 v4.5 Extensive control of page headers and footers
\f@nch@headwidth=\skip87
\f@nch@O@elh=\skip88
\f@nch@O@erh=\skip89
\f@nch@O@olh=\skip90
\f@nch@O@orh=\skip91
\f@nch@O@elf=\skip92
\f@nch@O@erf=\skip93
\f@nch@O@olf=\skip94
\f@nch@O@orf=\skip95
)
Package csquotes Info: Checking for multilingual support...
Package csquotes Info: ... found 'babel' package.
Package csquotes Info: Adjusting default style.
Package csquotes Info: Redefining alias 'default' -> 'english'.
 (c:\Users\giova\OneDrive - unige.it\DOCUMENTS\Ph.D. Thesis\build\main.aux (c:\Users\giova\OneDrive - unige.it\DOCUMENTS\Ph.D. Thesis\build\CHAPTERS/abstract.aux) (c:\Users\giova\OneDrive - unige.it\DOCUMENTS\Ph.D. Thesis\build\CHAPTERS/chapter1.aux) (c:\Users\giova\OneDrive - unige.it\DOCUMENTS\Ph.D. Thesis\build\CHAPTERS/chapter2.aux) (c:\Users\giova\OneDrive - unige.it\DOCUMENTS\Ph.D. Thesis\build\CHAPTERS/chapter3.aux) (c:\Users\giova\OneDrive - unige.it\DOCUMENTS\Ph.D. Thesis\build\CHAPTERS/chapter4.aux))
\openout1 = `main.aux'.

LaTeX Font Info:    Checking defaults for OML/cmm/m/it on input line 48.
LaTeX Font Info:    ... okay on input line 48.
LaTeX Font Info:    Checking defaults for OMS/cmsy/m/n on input line 48.
LaTeX Font Info:    ... okay on input line 48.
LaTeX Font Info:    Checking defaults for OT1/cmr/m/n on input line 48.
LaTeX Font Info:    ... okay on input line 48.
LaTeX Font Info:    Checking defaults for T1/cmr/m/n on input line 48.
LaTeX Font Info:    ... okay on input line 48.
LaTeX Font Info:    Checking defaults for TS1/cmr/m/n on input line 48.
LaTeX Font Info:    ... okay on input line 48.
LaTeX Font Info:    Checking defaults for OMX/cmex/m/n on input line 48.
LaTeX Font Info:    ... okay on input line 48.
LaTeX Font Info:    Checking defaults for U/cmr/m/n on input line 48.
LaTeX Font Info:    ... okay on input line 48.
LaTeX Font Info:    Checking defaults for PD1/pdf/m/n on input line 48.
LaTeX Font Info:    ... okay on input line 48.
LaTeX Font Info:    Checking defaults for PU/pdf/m/n on input line 48.
LaTeX Font Info:    ... okay on input line 48.
 (C:\Users\giova\AppData\Local\Programs\MiKTeX\tex/context/base/mkii\supp-pdf.mkii
[Loading MPS to PDF converter (version 2006.09.02).]
\scratchcounter=\count461
\scratchdimen=\dimen275
\scratchbox=\box66
\nofMPsegments=\count462
\nofMParguments=\count463
\everyMPshowfont=\toks32
\MPscratchCnt=\count464
\MPscratchDim=\dimen276
\MPnumerator=\count465
\makeMPintoPDFobject=\count466
\everyMPtoPDFconversion=\toks33
) (C:\Users\giova\AppData\Local\Programs\MiKTeX\tex/latex/epstopdf-pkg\epstopdf-base.sty
Package: epstopdf-base 2020-01-24 v2.11 Base part for package epstopdf
Package epstopdf-base Info: Redefining graphics rule for `.eps' on input line 485.
 (C:\Users\giova\AppData\Local\Programs\MiKTeX\tex/latex/00miktex\epstopdf-sys.cfg
File: epstopdf-sys.cfg 2021/03/18 v2.0 Configuration of epstopdf for MiKTeX
))
Package biblatex Info: Trying to load language 'english'...
Package biblatex Info: ... file 'english.lbx' found.
 (C:\Users\giova\AppData\Local\Programs\MiKTeX\tex/latex/biblatex/lbx\english.lbx
File: english.lbx 2024/03/21 v3.20 biblatex localization (PK/MW)
)
Package biblatex Info: Input encoding 'utf8' detected.
Package biblatex Info: Automatic encoding selection.
(biblatex)             Assuming data encoding 'utf8'.
\openout3 = `main.bcf'.

Package biblatex Info: Trying to load bibliographic data...
Package biblatex Info: ... file 'main.bbl' found.
 (c:\Users\giova\OneDrive - unige.it\DOCUMENTS\Ph.D. Thesis\build\main.bbl)
Package biblatex Info: Reference section=0 on input line 48.
Package biblatex Info: Reference segment=0 on input line 48.
 (C:\Users\giova\AppData\Local\Programs\MiKTeX\tex/latex/graphics\color.sty
Package: color 2024/06/23 v1.3e Standard LaTeX Color (DPC)
 (C:\Users\giova\AppData\Local\Programs\MiKTeX\tex/latex/graphics-cfg\color.cfg
File: color.cfg 2016/01/02 v1.6 sample color configuration
)
Package color Info: Driver file: pdftex.def on input line 149.
 (C:\Users\giova\AppData\Local\Programs\MiKTeX\tex/latex/graphics\mathcolor.ltx))
Package hyperref Info: Link coloring ON on input line 48.
 (c:\Users\giova\OneDrive - unige.it\DOCUMENTS\Ph.D. Thesis\build\main.out) (c:\Users\giova\OneDrive - unige.it\DOCUMENTS\Ph.D. Thesis\build\main.out)
\@outlinefile=\write4
\openout4 = `main.out'.

Package caption Info: Begin \AtBeginDocument code.
Package caption Info: longtable package is loaded.
 (C:\Users\giova\AppData\Local\Programs\MiKTeX\tex/latex/caption\ltcaption.sty
Package: ltcaption 2021/01/08 v1.4c longtable captions (AR)
)
Package caption Info: End \AtBeginDocument code.

*geometry* driver: auto-detecting
*geometry* detected driver: pdftex
*geometry* verbose mode - [ preamble ] result:
* driver: pdftex
* paper: b5paper
* layout: <same size as paper>
* layoutoffset:(h,v)=(0.0pt,0.0pt)
* modes: twoside 
* h-part:(L,W,R)=(85.35826pt, 358.50473pt, 56.9055pt)
* v-part:(T,H,B)=(56.9055pt, 597.50789pt, 56.9055pt)
* \paperwidth=500.7685pt
* \paperheight=711.3189pt
* \textwidth=358.50473pt
* \textheight=597.50789pt
* \oddsidemargin=13.08827pt
* \evensidemargin=-15.36449pt
* \topmargin=-45.43198pt
* \headheight=12.0pt
* \headsep=18.06749pt
* \topskip=10.0pt
* \footskip=25.29494pt
* \marginparwidth=57.0pt
* \marginparsep=7.0pt
* \columnsep=10.0pt
* \skip\footins=9.0pt plus 4.0pt minus 2.0pt
* \hoffset=0.0pt
* \voffset=0.0pt
* \mag=1000
* \@twocolumnfalse
* \@twosidetrue
* \@mparswitchtrue
* \@reversemarginfalse
* (1in=72.27pt=25.4mm, 1cm=28.453pt)

<FIGURES/FrontPage/logo_verticale_BLACK.png, id=203, 255.95625pt x 217.5628pt>
File: FIGURES/FrontPage/logo_verticale_BLACK.png Graphic file (type png)
<use FIGURES/FrontPage/logo_verticale_BLACK.png>
Package pdftex.def Info: FIGURES/FrontPage/logo_verticale_BLACK.png  used on input line 53.
(pdftex.def)             Requested size: 143.39969pt x 121.89076pt.


[1



{C:/Users/giova/AppData/Local/MiKTeX/fonts/map/pdftex/pdftex.map} <./FIGURES/FrontPage/logo_verticale_BLACK.png>]
\openout2 = `CHAPTERS/abstract.aux'.

 (CHAPTERS/abstract.tex

[2


])

[3]

[4



] (c:\Users\giova\OneDrive - unige.it\DOCUMENTS\Ph.D. Thesis\build\main.toc
LaTeX Font Info:    Trying to load font information for U+msa on input line 6.
 (C:\Users\giova\AppData\Local\Programs\MiKTeX\tex/latex/amsfonts\umsa.fd
File: umsa.fd 2013/01/14 v3.01 AMS symbols A
)
LaTeX Font Info:    Trying to load font information for U+msb on input line 6.
 (C:\Users\giova\AppData\Local\Programs\MiKTeX\tex/latex/amsfonts\umsb.fd
File: umsb.fd 2013/01/14 v3.01 AMS symbols B
)

[5])
\tf@toc=\write5
\openout5 = `main.toc'.



[6] (c:\Users\giova\OneDrive - unige.it\DOCUMENTS\Ph.D. Thesis\build\main.lof

[7

])
\tf@lof=\write6
\openout6 = `main.lof'.



[8] (c:\Users\giova\OneDrive - unige.it\DOCUMENTS\Ph.D. Thesis\build\main.lot)
\tf@lot=\write7
\openout7 = `main.lot'.



[9

]

[10

]
\openout2 = `CHAPTERS/chapter1.aux'.

 (CHAPTERS/chapter1.tex
Chapter 1.


[1


]

[2]

LaTeX Warning: Reference `chap:chapter5' on page 3 undefined on input line 50.


LaTeX Warning: Reference `chap:chapter6' on page 3 undefined on input line 53.



[3]

LaTeX Warning: Reference `chap:chapter7' on page 4 undefined on input line 58.

)

[4]
\openout2 = `CHAPTERS/chapter2.aux'.

 (CHAPTERS/chapter2.tex
Chapter 2.
<FIGURES/Chapter2/Section1/Phase Diagram.png, id=442, 339.51843pt x 249.18094pt>
File: FIGURES/Chapter2/Section1/Phase Diagram.png Graphic file (type png)
<use FIGURES/Chapter2/Section1/Phase Diagram.png>
Package pdftex.def Info: FIGURES/Chapter2/Section1/Phase Diagram.png  used on input line 23.
(pdftex.def)             Requested size: 161.32602pt x 118.40018pt.
<FIGURES/Chapter2/Section1/Van der Waals Isothermal.png, id=446, 350.81062pt x 263.48438pt>
File: FIGURES/Chapter2/Section1/Van der Waals Isothermal.png Graphic file (type png)
<use FIGURES/Chapter2/Section1/Van der Waals Isothermal.png>
Package pdftex.def Info: FIGURES/Chapter2/Section1/Van der Waals Isothermal.png  used on input line 30.
(pdftex.def)             Requested size: 161.32602pt x 121.16809pt.


[5




]

[6 <./FIGURES/Chapter2/Section1/Phase Diagram.png> <./FIGURES/Chapter2/Section1/Van der Waals Isothermal.png>]

[7]
<FIGURES/Chapter2/Section2/Subsection1/Bubble1.png, id=480, 155.07938pt x 137.01187pt>
File: FIGURES/Chapter2/Section2/Subsection1/Bubble1.png Graphic file (type png)
<use FIGURES/Chapter2/Section2/Subsection1/Bubble1.png>
Package pdftex.def Info: FIGURES/Chapter2/Section2/Subsection1/Bubble1.png  used on input line 80.
(pdftex.def)             Requested size: 168.49765pt x 148.8675pt.
<FIGURES/Chapter2/Section2/Subsection1/Bubble2.png, id=481, 155.07938pt x 137.01187pt>
File: FIGURES/Chapter2/Section2/Subsection1/Bubble2.png Graphic file (type png)
<use FIGURES/Chapter2/Section2/Subsection1/Bubble2.png>
Package pdftex.def Info: FIGURES/Chapter2/Section2/Subsection1/Bubble2.png  used on input line 85.
(pdftex.def)             Requested size: 168.49765pt x 148.8675pt.
<FIGURES/Chapter2/Section2/Subsection1/Bubble3.png, id=488, 121.57922pt x 70.01157pt>
File: FIGURES/Chapter2/Section2/Subsection1/Bubble3.png Graphic file (type png)
<use FIGURES/Chapter2/Section2/Subsection1/Bubble3.png>
Package pdftex.def Info: FIGURES/Chapter2/Section2/Subsection1/Bubble3.png  used on input line 98.
(pdftex.def)             Requested size: 168.49765pt x 97.02946pt.
<FIGURES/Chapter2/Section2/Subsection1/Bubble4.png, id=491, 128.73094pt x 70.01157pt>
File: FIGURES/Chapter2/Section2/Subsection1/Bubble4.png Graphic file (type png)
<use FIGURES/Chapter2/Section2/Subsection1/Bubble4.png>
Package pdftex.def Info: FIGURES/Chapter2/Section2/Subsection1/Bubble4.png  used on input line 105.
(pdftex.def)             Requested size: 168.49765pt x 91.64743pt.


[8 <./FIGURES/Chapter2/Section2/Subsection1/Bubble1.png> <./FIGURES/Chapter2/Section2/Subsection1/Bubble2.png> <./FIGURES/Chapter2/Section2/Subsection1/Bubble3.png> <./FIGURES/Chapter2/Section2/Subsection1/Bubble4.png>]
<FIGURES/Chapter2/Section2/Subsection1/Bubble5.png, id=508, 118.94438pt x 76.78688pt>
File: FIGURES/Chapter2/Section2/Subsection1/Bubble5.png Graphic file (type png)
<use FIGURES/Chapter2/Section2/Subsection1/Bubble5.png>
Package pdftex.def Info: FIGURES/Chapter2/Section2/Subsection1/Bubble5.png  used on input line 121.
(pdftex.def)             Requested size: 111.13559pt x 71.74966pt.
<FIGURES/Chapter2/Section2/Subsection1/Bubble6.png, id=509, 118.94438pt x 76.78688pt>
File: FIGURES/Chapter2/Section2/Subsection1/Bubble6.png Graphic file (type png)
<use FIGURES/Chapter2/Section2/Subsection1/Bubble6.png>
Package pdftex.def Info: FIGURES/Chapter2/Section2/Subsection1/Bubble6.png  used on input line 126.
(pdftex.def)             Requested size: 111.13559pt x 71.74966pt.
<FIGURES/Chapter2/Section2/Subsection1/Bubble7.png, id=510, 118.94438pt x 76.78688pt>
File: FIGURES/Chapter2/Section2/Subsection1/Bubble7.png Graphic file (type png)
<use FIGURES/Chapter2/Section2/Subsection1/Bubble7.png>
Package pdftex.def Info: FIGURES/Chapter2/Section2/Subsection1/Bubble7.png  used on input line 131.
(pdftex.def)             Requested size: 111.13559pt x 71.74966pt.


[9 <./FIGURES/Chapter2/Section2/Subsection1/Bubble5.png> <./FIGURES/Chapter2/Section2/Subsection1/Bubble6.png> <./FIGURES/Chapter2/Section2/Subsection1/Bubble7.png>]
<FIGURES/Chapter2/Section2/Subsection2/Sheet1.png, id=525, 529.22719pt x 447.17062pt>
File: FIGURES/Chapter2/Section2/Subsection2/Sheet1.png Graphic file (type png)
<use FIGURES/Chapter2/Section2/Subsection2/Sheet1.png>
Package pdftex.def Info: FIGURES/Chapter2/Section2/Subsection2/Sheet1.png  used on input line 158.
(pdftex.def)             Requested size: 168.49765pt x 142.36743pt.
<FIGURES/Chapter2/Section2/Subsection2/Sheet2.png, id=528, 271.0125pt x 230.36063pt>
File: FIGURES/Chapter2/Section2/Subsection2/Sheet2.png Graphic file (type png)
<use FIGURES/Chapter2/Section2/Subsection2/Sheet2.png>
Package pdftex.def Info: FIGURES/Chapter2/Section2/Subsection2/Sheet2.png  used on input line 165.
(pdftex.def)             Requested size: 168.49765pt x 143.22632pt.


[10 <./FIGURES/Chapter2/Section2/Subsection2/Sheet1.png> <./FIGURES/Chapter2/Section2/Subsection2/Sheet2.png>]
<FIGURES/Chapter2/Section2/Subsection3/Cloud1a.png, id=543, 218.31563pt x 227.34938pt>
File: FIGURES/Chapter2/Section2/Subsection3/Cloud1a.png Graphic file (type png)
<use FIGURES/Chapter2/Section2/Subsection3/Cloud1a.png>
Package pdftex.def Info: FIGURES/Chapter2/Section2/Subsection3/Cloud1a.png  used on input line 189.
(pdftex.def)             Requested size: 161.32602pt x 168.00346pt.
<FIGURES/Chapter2/Section2/Subsection3/Cloud1b.png, id=544, 218.31563pt x 227.34938pt>
File: FIGURES/Chapter2/Section2/Subsection3/Cloud1b.png Graphic file (type png)
<use FIGURES/Chapter2/Section2/Subsection3/Cloud1b.png>
Package pdftex.def Info: FIGURES/Chapter2/Section2/Subsection3/Cloud1b.png  used on input line 194.
(pdftex.def)             Requested size: 161.32602pt x 168.00346pt.


[11 <./FIGURES/Chapter2/Section2/Subsection3/Cloud1a.png> <./FIGURES/Chapter2/Section2/Subsection3/Cloud1b.png>]
<FIGURES/Chapter2/Section2/Subsection3/Cloud2.png, id=553, 204.16275pt x 215.6055pt>
File: FIGURES/Chapter2/Section2/Subsection3/Cloud2.png Graphic file (type png)
<use FIGURES/Chapter2/Section2/Subsection3/Cloud2.png>
Package pdftex.def Info: FIGURES/Chapter2/Section2/Subsection3/Cloud2.png  used on input line 206.
(pdftex.def)             Requested size: 161.32602pt x 170.37253pt.
<FIGURES/Chapter2/Section2/Subsection3/Cloud3.png, id=558, 199.144pt x 150.5625pt>
File: FIGURES/Chapter2/Section2/Subsection3/Cloud3.png Graphic file (type png)
<use FIGURES/Chapter2/Section2/Subsection3/Cloud3.png>
Package pdftex.def Info: FIGURES/Chapter2/Section2/Subsection3/Cloud3.png  used on input line 220.
(pdftex.def)             Requested size: 161.32602pt x 121.97102pt.
<FIGURES/Chapter2/Section2/Subsection3/Cloud4.jpg, id=561, 199.49532pt x 150.5625pt>
File: FIGURES/Chapter2/Section2/Subsection3/Cloud4.jpg Graphic file (type jpg)
<use FIGURES/Chapter2/Section2/Subsection3/Cloud4.jpg>
Package pdftex.def Info: FIGURES/Chapter2/Section2/Subsection3/Cloud4.jpg  used on input line 227.
(pdftex.def)             Requested size: 161.32602pt x 121.75966pt.


LaTeX Warning: `!h' float specifier changed to `!ht'.



[12 <./FIGURES/Chapter2/Section2/Subsection3/Cloud2.png>]

LaTeX Warning: Reference `TipHubVortex' on page 13 undefined on input line 242.


LaTeX Warning: Reference `TipHubVortex' on page 13 undefined on input line 245.

<FIGURES/Chapter2/Section2/Subsection4/Vortex1.png, id=571, 354.123pt x 214.401pt>
File: FIGURES/Chapter2/Section2/Subsection4/Vortex1.png Graphic file (type png)
<use FIGURES/Chapter2/Section2/Subsection4/Vortex1.png>
Package pdftex.def Info: FIGURES/Chapter2/Section2/Subsection4/Vortex1.png  used on input line 252.
(pdftex.def)             Requested size: 168.49765pt x 102.01819pt.
<FIGURES/Chapter2/Section2/Subsection4/Vortex2.jpg, id=572, 353.82187pt x 214.55156pt>
File: FIGURES/Chapter2/Section2/Subsection4/Vortex2.jpg Graphic file (type jpg)
<use FIGURES/Chapter2/Section2/Subsection4/Vortex2.jpg>
Package pdftex.def Info: FIGURES/Chapter2/Section2/Subsection4/Vortex2.jpg  used on input line 259.
(pdftex.def)             Requested size: 168.49765pt x 102.17494pt.


[13 <./FIGURES/Chapter2/Section2/Subsection3/Cloud3.png> <./FIGURES/Chapter2/Section2/Subsection3/Cloud4.jpg>]
<FIGURES/Chapter2/Section2/Subsection4/Vortex3.png, id=580, 321.45094pt x 167.12437pt>
File: FIGURES/Chapter2/Section2/Subsection4/Vortex3.png Graphic file (type png)
<use FIGURES/Chapter2/Section2/Subsection4/Vortex3.png>
Package pdftex.def Info: FIGURES/Chapter2/Section2/Subsection4/Vortex3.png  used on input line 272.
(pdftex.def)             Requested size: 168.49765pt x 87.60388pt.
<FIGURES/Chapter2/Section2/Subsection4/Vortex4.jpg, id=583, 321.45094pt x 167.12437pt>
File: FIGURES/Chapter2/Section2/Subsection4/Vortex4.jpg Graphic file (type jpg)
<use FIGURES/Chapter2/Section2/Subsection4/Vortex4.jpg>
Package pdftex.def Info: FIGURES/Chapter2/Section2/Subsection4/Vortex4.jpg  used on input line 279.
(pdftex.def)             Requested size: 168.49765pt x 87.60388pt.
)

[14 <./FIGURES/Chapter2/Section2/Subsection4/Vortex1.png> <./FIGURES/Chapter2/Section2/Subsection4/Vortex2.jpg> <./FIGURES/Chapter2/Section2/Subsection4/Vortex3.png> <./FIGURES/Chapter2/Section2/Subsection4/Vortex4.jpg>]
\openout2 = `CHAPTERS/chapter3.aux'.

 (CHAPTERS/chapter3.tex
Chapter 3.


[15




]

[16]
Overfull \hbox (2.59663pt too wide) in paragraph at lines 49--51
[]\OT1/cmr/m/n/10 In this equa-tion, $\OML/cmm/m/it/10 $ \OT1/cmr/m/n/10 de-fines the vapour frac-tion (the mix-ture ap-proach is adopted),
 []



[17]

[18]

[19]
Overfull \hbox (5.19041pt too wide) in paragraph at lines 125--131
[]\OT1/cmr/m/n/10 Monopolar sources are typ-i-cally as-so-ci-ated with phe-nom-ena in-volv-ing a medium's
 []



[20]

[21]

[22]

[23]

LaTeX Warning: Reference `chap:chapter5' on page 24 undefined on input line 205.


LaTeX Warning: Reference `chap:chapter6' on page 24 undefined on input line 205.

)

[24]
\openout2 = `CHAPTERS/chapter4.aux'.

 (CHAPTERS/chapter4.tex
Chapter 4.

LaTeX Warning: Reference `app:appendixA' on page 25 undefined on input line 12.

<FIGURES/Chapter4/Section1/interface.png, id=737, 851.43094pt x 548.80031pt>
File: FIGURES/Chapter4/Section1/interface.png Graphic file (type png)
<use FIGURES/Chapter4/Section1/interface.png>
Package pdftex.def Info: FIGURES/Chapter4/Section1/interface.png  used on input line 16.
(pdftex.def)             Requested size: 250.95221pt x 161.75232pt.


[25




]
<FIGURES/Chapter4/Section1/SubSection1/pinhole.png, id=746, 383.18156pt x 140.02313pt>
File: FIGURES/Chapter4/Section1/SubSection1/pinhole.png Graphic file (type png)
<use FIGURES/Chapter4/Section1/SubSection1/pinhole.png>
Package pdftex.def Info: FIGURES/Chapter4/Section1/SubSection1/pinhole.png  used on input line 34.
(pdftex.def)             Requested size: 322.65205pt x 117.91133pt.


[26 <./FIGURES/Chapter4/Section1/interface.png>]
<FIGURES/Chapter4/Section1/SubSection1/prespective.png, id=753, 139.27031pt x 77.53969pt>
File: FIGURES/Chapter4/Section1/SubSection1/prespective.png Graphic file (type png)
<use FIGURES/Chapter4/Section1/SubSection1/prespective.png>
Package pdftex.def Info: FIGURES/Chapter4/Section1/SubSection1/prespective.png  used on input line 49.
(pdftex.def)             Requested size: 250.95221pt x 139.72273pt.


[27 <./FIGURES/Chapter4/Section1/SubSection1/pinhole.png> <./FIGURES/Chapter4/Section1/SubSection1/prespective.png>]

[28]
<FIGURES/Chapter4/Section1/SubSection1/reference_frames.png, id=782, 823.57687pt x 498.36188pt>
File: FIGURES/Chapter4/Section1/SubSection1/reference_frames.png Graphic file (type png)
<use FIGURES/Chapter4/Section1/SubSection1/reference_frames.png>
Package pdftex.def Info: FIGURES/Chapter4/Section1/SubSection1/reference_frames.png  used on input line 211.
(pdftex.def)             Requested size: 286.80487pt x 173.54715pt.


[29 <./FIGURES/Chapter4/Section1/SubSection1/reference_frames.png>]

[30]
<FIGURES/Chapter4/Section1/SubSection2/Barrel_distortion.png, id=808, 1027.84pt x 1027.84pt>
File: FIGURES/Chapter4/Section1/SubSection2/Barrel_distortion.png Graphic file (type png)
<use FIGURES/Chapter4/Section1/SubSection2/Barrel_distortion.png>
Package pdftex.def Info: FIGURES/Chapter4/Section1/SubSection2/Barrel_distortion.png  used on input line 309.
(pdftex.def)             Requested size: 107.5525pt x 107.54213pt.
<FIGURES/Chapter4/Section1/SubSection2/Pincushion_distortion.png, id=809, 1027.84pt x 1027.84pt>
File: FIGURES/Chapter4/Section1/SubSection2/Pincushion_distortion.png Graphic file (type png)
<use FIGURES/Chapter4/Section1/SubSection2/Pincushion_distortion.png>
Package pdftex.def Info: FIGURES/Chapter4/Section1/SubSection2/Pincushion_distortion.png  used on input line 317.
(pdftex.def)             Requested size: 107.5525pt x 107.54213pt.
<FIGURES/Chapter4/Section1/SubSection2/Mustache_distortion.png, id=810, 1027.84pt x 1027.84pt>
File: FIGURES/Chapter4/Section1/SubSection2/Mustache_distortion.png Graphic file (type png)
<use FIGURES/Chapter4/Section1/SubSection2/Mustache_distortion.png>
Package pdftex.def Info: FIGURES/Chapter4/Section1/SubSection2/Mustache_distortion.png  used on input line 325.
(pdftex.def)             Requested size: 107.5525pt x 107.54213pt.


[31]
<FIGURES/Chapter4/Section1/SubSection2/Tangential_distortion.png, id=823, 423.83344pt x 410.2828pt>
File: FIGURES/Chapter4/Section1/SubSection2/Tangential_distortion.png Graphic file (type png)
<use FIGURES/Chapter4/Section1/SubSection2/Tangential_distortion.png>
Package pdftex.def Info: FIGURES/Chapter4/Section1/SubSection2/Tangential_distortion.png  used on input line 366.
(pdftex.def)             Requested size: 172.08073pt x 166.57681pt.
<FIGURES/Chapter4/Section1/SubSection2/Compound_distortion.png, id=824, 423.83344pt x 411.03563pt>
File: FIGURES/Chapter4/Section1/SubSection2/Compound_distortion.png Graphic file (type png)
<use FIGURES/Chapter4/Section1/SubSection2/Compound_distortion.png>
Package pdftex.def Info: FIGURES/Chapter4/Section1/SubSection2/Compound_distortion.png  used on input line 374.
(pdftex.def)             Requested size: 172.08073pt x 166.88246pt.


[32 <./FIGURES/Chapter4/Section1/SubSection2/Barrel_distortion.png> <./FIGURES/Chapter4/Section1/SubSection2/Pincushion_distortion.png> <./FIGURES/Chapter4/Section1/SubSection2/Mustache_distortion.png>]
<FIGURES/Chapter4/Section1/SubSection2/Sheimpflug_principle.png, id=841, 210.7875pt x 141.52875pt>
File: FIGURES/Chapter4/Section1/SubSection2/Sheimpflug_principle.png Graphic file (type png)
<use FIGURES/Chapter4/Section1/SubSection2/Sheimpflug_principle.png>
Package pdftex.def Info: FIGURES/Chapter4/Section1/SubSection2/Sheimpflug_principle.png  used on input line 423.
(pdftex.def)             Requested size: 250.95221pt x 168.49904pt.

Underfull \vbox (badness 10000) has occurred while \output is active []



[33 <./FIGURES/Chapter4/Section1/SubSection2/Tangential_distortion.png> <./FIGURES/Chapter4/Section1/SubSection2/Compound_distortion.png>]

[34 <./FIGURES/Chapter4/Section1/SubSection2/Sheimpflug_principle.png>]
<FIGURES/Chapter4/Section1/SubSection3/interface1.png, id=865, 358.33875pt x 219.06844pt>
File: FIGURES/Chapter4/Section1/SubSection3/interface1.png Graphic file (type png)
<use FIGURES/Chapter4/Section1/SubSection3/interface1.png>
Package pdftex.def Info: FIGURES/Chapter4/Section1/SubSection3/interface1.png  used on input line 549.
(pdftex.def)             Requested size: 286.80487pt x 175.34857pt.


[35]
<FIGURES/Chapter4/Section1/SubSection3/interface2.png, id=871, 361.35pt x 192.72pt>
File: FIGURES/Chapter4/Section1/SubSection3/interface2.png Graphic file (type png)
<use FIGURES/Chapter4/Section1/SubSection3/interface2.png>
Package pdftex.def Info: FIGURES/Chapter4/Section1/SubSection3/interface2.png  used on input line 558.
(pdftex.def)             Requested size: 286.80487pt x 152.96463pt.


[36 <./FIGURES/Chapter4/Section1/SubSection3/interface1.png> <./FIGURES/Chapter4/Section1/SubSection3/interface2.png>]
<FIGURES/Chapter4/Section1/SubSection3/Plexiglass_prism.jpg, id=879, 665.48625pt x 361.35pt>
File: FIGURES/Chapter4/Section1/SubSection3/Plexiglass_prism.jpg Graphic file (type jpg)
<use FIGURES/Chapter4/Section1/SubSection3/Plexiglass_prism.jpg>
Package pdftex.def Info: FIGURES/Chapter4/Section1/SubSection3/Plexiglass_prism.jpg  used on input line 571.
(pdftex.def)             Requested size: 358.50473pt x 194.66293pt.


[37 <./FIGURES/Chapter4/Section1/SubSection3/Plexiglass_prism.jpg>]
<FIGURES/Chapter4/Section2/SubSection1/checkerboard_square.png, id=892, 302.25421pt x 242.40562pt>
File: FIGURES/Chapter4/Section2/SubSection1/checkerboard_square.png Graphic file (type png)
<use FIGURES/Chapter4/Section2/SubSection1/checkerboard_square.png>
Package pdftex.def Info: FIGURES/Chapter4/Section2/SubSection1/checkerboard_square.png  used on input line 611.
(pdftex.def)             Requested size: 161.32602pt x 129.38055pt.
<FIGURES/Chapter4/Section2/SubSection1/checkerboard_dot.png, id=893, 302.25421pt x 242.40562pt>
File: FIGURES/Chapter4/Section2/SubSection1/checkerboard_dot.png Graphic file (type png)
<use FIGURES/Chapter4/Section2/SubSection1/checkerboard_dot.png>
Package pdftex.def Info: FIGURES/Chapter4/Section2/SubSection1/checkerboard_dot.png  used on input line 618.
(pdftex.def)             Requested size: 161.32602pt x 129.38055pt.
<FIGURES/Chapter4/Section2/SubSection1/chessboardCorners.png, id=897, 2569.6pt x 1606.0pt>
File: FIGURES/Chapter4/Section2/SubSection1/chessboardCorners.png Graphic file (type png)
<use FIGURES/Chapter4/Section2/SubSection1/chessboardCorners.png>
Package pdftex.def Info: FIGURES/Chapter4/Section2/SubSection1/chessboardCorners.png  used on input line 630.
(pdftex.def)             Requested size: 161.32602pt x 100.81584pt.


[38]
<FIGURES/Chapter4/Section2/SubSection1/WorldRF.png, id=906, 316.93407pt x 172.39406pt>
File: FIGURES/Chapter4/Section2/SubSection1/WorldRF.png Graphic file (type png)
<use FIGURES/Chapter4/Section2/SubSection1/WorldRF.png>
Package pdftex.def Info: FIGURES/Chapter4/Section2/SubSection1/WorldRF.png  used on input line 639.
(pdftex.def)             Requested size: 268.87854pt x 146.2647pt.


[39 <./FIGURES/Chapter4/Section2/SubSection1/checkerboard_square.png> <./FIGURES/Chapter4/Section2/SubSection1/checkerboard_dot.png> <./FIGURES/Chapter4/Section2/SubSection1/chessboardCorners.png (PNG copy)>]

[40 <./FIGURES/Chapter4/Section2/SubSection1/WorldRF.png>]
Underfull \vbox (badness 1168) has occurred while \output is active []



[41]
<FIGURES/Chapter4/Section2/SubSection1/MeanReprojectionError.pdf, id=938, 867.24pt x 433.62pt>
File: FIGURES/Chapter4/Section2/SubSection1/MeanReprojectionError.pdf Graphic file (type pdf)
<use FIGURES/Chapter4/Section2/SubSection1/MeanReprojectionError.pdf>
Package pdftex.def Info: FIGURES/Chapter4/Section2/SubSection1/MeanReprojectionError.pdf  used on input line 730.
(pdftex.def)             Requested size: 268.87854pt x 134.44066pt.
<FIGURES/Chapter4/Section2/SubSection1/FocalLenghs.pdf, id=942, 867.24pt x 433.62pt>
File: FIGURES/Chapter4/Section2/SubSection1/FocalLenghs.pdf Graphic file (type pdf)
<use FIGURES/Chapter4/Section2/SubSection1/FocalLenghs.pdf>
Package pdftex.def Info: FIGURES/Chapter4/Section2/SubSection1/FocalLenghs.pdf  used on input line 741.
(pdftex.def)             Requested size: 268.87854pt x 134.44066pt.


[42 <./FIGURES/Chapter4/Section2/SubSection1/MeanReprojectionError.pdf> <./FIGURES/Chapter4/Section2/SubSection1/FocalLenghs.pdf>]
<FIGURES/Chapter4/Section2/SubSection1/OpticalCenter.pdf, id=1040, 867.24pt x 578.16pt>
File: FIGURES/Chapter4/Section2/SubSection1/OpticalCenter.pdf Graphic file (type pdf)
<use FIGURES/Chapter4/Section2/SubSection1/OpticalCenter.pdf>
Package pdftex.def Info: FIGURES/Chapter4/Section2/SubSection1/OpticalCenter.pdf  used on input line 752.
(pdftex.def)             Requested size: 268.87854pt x 179.25421pt.
<FIGURES/Chapter4/Section2/SubSection1/Comparator.png, id=1044, 226.446pt x 218.7372pt>
File: FIGURES/Chapter4/Section2/SubSection1/Comparator.png Graphic file (type png)
<use FIGURES/Chapter4/Section2/SubSection1/Comparator.png>
Package pdftex.def Info: FIGURES/Chapter4/Section2/SubSection1/Comparator.png  used on input line 770.
(pdftex.def)             Requested size: 268.87854pt x 259.73308pt.


[43 <./FIGURES/Chapter4/Section2/SubSection1/OpticalCenter.pdf>]

[44 <./FIGURES/Chapter4/Section2/SubSection1/Comparator.png>]

[45]
<FIGURES/Chapter4/Section2/SubSection2/epipolarPlane.png, id=1123, 790.45313pt x 531.48563pt>
File: FIGURES/Chapter4/Section2/SubSection2/epipolarPlane.png Graphic file (type png)
<use FIGURES/Chapter4/Section2/SubSection2/epipolarPlane.png>
Package pdftex.def Info: FIGURES/Chapter4/Section2/SubSection2/epipolarPlane.png  used on input line 862.
(pdftex.def)             Requested size: 322.65205pt x 216.94545pt.


LaTeX Warning: `!h' float specifier changed to `!ht'.



[46]
<FIGURES/Chapter4/Section2/SubSection2/StereoRF.png, id=1130, 899.61093pt x 451.6875pt>
File: FIGURES/Chapter4/Section2/SubSection2/StereoRF.png Graphic file (type png)
<use FIGURES/Chapter4/Section2/SubSection2/StereoRF.png>
Package pdftex.def Info: FIGURES/Chapter4/Section2/SubSection2/StereoRF.png  used on input line 885.
(pdftex.def)             Requested size: 322.65205pt x 162.00085pt.


LaTeX Warning: `!h' float specifier changed to `!ht'.



[47 <./FIGURES/Chapter4/Section2/SubSection2/epipolarPlane.png>]

[48 <./FIGURES/Chapter4/Section2/SubSection2/StereoRF.png>]
<FIGURES/Chapter4/Section2/SubSection2/StereoRF2.png, id=1166, 984.67876pt x 553.31718pt>
File: FIGURES/Chapter4/Section2/SubSection2/StereoRF2.png Graphic file (type png)
<use FIGURES/Chapter4/Section2/SubSection2/StereoRF2.png>
Package pdftex.def Info: FIGURES/Chapter4/Section2/SubSection2/StereoRF2.png  used on input line 993.
(pdftex.def)             Requested size: 322.65205pt x 181.30347pt.


LaTeX Warning: `!h' float specifier changed to `!ht'.



[49]
<FIGURES/Chapter4/Section2/SubSection2/RMSError.pdf, id=1180, 722.7pt x 433.62pt>
File: FIGURES/Chapter4/Section2/SubSection2/RMSError.pdf Graphic file (type pdf)
<use FIGURES/Chapter4/Section2/SubSection2/RMSError.pdf>
Package pdftex.def Info: FIGURES/Chapter4/Section2/SubSection2/RMSError.pdf  used on input line 1045.
(pdftex.def)             Requested size: 358.50473pt x 215.1024pt.


LaTeX Warning: `!h' float specifier changed to `!ht'.



[50 <./FIGURES/Chapter4/Section2/SubSection2/StereoRF2.png>]

[51 <./FIGURES/Chapter4/Section2/SubSection2/RMSError.pdf>]
<FIGURES/Chapter4/Section2/SubSection2/TriError.pdf, id=1240, 867.24pt x 578.16pt>
File: FIGURES/Chapter4/Section2/SubSection2/TriError.pdf Graphic file (type pdf)
<use FIGURES/Chapter4/Section2/SubSection2/TriError.pdf>
Package pdftex.def Info: FIGURES/Chapter4/Section2/SubSection2/TriError.pdf  used on input line 1065.
(pdftex.def)             Requested size: 358.50473pt x 239.00562pt.


[52 <./FIGURES/Chapter4/Section2/SubSection2/TriError.pdf>]
<FIGURES/Chapter4/Section2/SubSection3/MuliViewRF.png, id=1292, 816.80156pt x 435.12563pt>
File: FIGURES/Chapter4/Section2/SubSection3/MuliViewRF.png Graphic file (type png)
<use FIGURES/Chapter4/Section2/SubSection3/MuliViewRF.png>
Package pdftex.def Info: FIGURES/Chapter4/Section2/SubSection3/MuliViewRF.png  used on input line 1116.
(pdftex.def)             Requested size: 322.65205pt x 171.88269pt.


LaTeX Warning: `!h' float specifier changed to `!ht'.



[53]
<FIGURES/Chapter4/Section2/SubSection3/EgSketch.png, id=1298, 523.20468pt x 364.36125pt>
File: FIGURES/Chapter4/Section2/SubSection3/EgSketch.png Graphic file (type png)
<use FIGURES/Chapter4/Section2/SubSection3/EgSketch.png>
Package pdftex.def Info: FIGURES/Chapter4/Section2/SubSection3/EgSketch.png  used on input line 1134.
(pdftex.def)             Requested size: 179.25237pt x 124.83188pt.


[54 <./FIGURES/Chapter4/Section2/SubSection3/MuliViewRF.png> <./FIGURES/Chapter4/Section2/SubSection3/EgSketch.png>]

[55]

[56]

[57]
<FIGURES/Chapter4/Section2/SubSection3/MultiTriang.pdf, id=1357, 1084.05pt x 361.35pt>
File: FIGURES/Chapter4/Section2/SubSection3/MultiTriang.pdf Graphic file (type pdf)
<use FIGURES/Chapter4/Section2/SubSection3/MultiTriang.pdf>
Package pdftex.def Info: FIGURES/Chapter4/Section2/SubSection3/MultiTriang.pdf  used on input line 1341.
(pdftex.def)             Requested size: 358.50473pt x 119.4995pt.


[58]

LaTeX Warning: Reference `chap:chapter5' on page 59 undefined on input line 1369.


LaTeX Warning: Reference `chap:chapter6' on page 59 undefined on input line 1369.



[59 <./FIGURES/Chapter4/Section2/SubSection3/MultiTriang.pdf>]
<FIGURES/Chapter4/Section3/SubSection1/sketchTriangulation.png, id=1425, 820.56563pt x 420.06938pt>
File: FIGURES/Chapter4/Section3/SubSection1/sketchTriangulation.png Graphic file (type png)
<use FIGURES/Chapter4/Section3/SubSection1/sketchTriangulation.png>
Package pdftex.def Info: FIGURES/Chapter4/Section3/SubSection1/sketchTriangulation.png  used on input line 1396.
(pdftex.def)             Requested size: 322.65205pt x 165.17244pt.


[60 <./FIGURES/Chapter4/Section3/SubSection1/sketchTriangulation.png>]

[61]
Overfull \hbox (1.91255pt too wide) in paragraph at lines 1483--1486
\OT1/cmr/m/n/10 Shape from sil-hou-ette is a tech-nique for re-con-struct-ing an ob-ject's three-dimensional
 []

<FIGURES/Chapter4/Section3/SubSection2/ShapeBy.png, id=1450, 1102.87032pt x 638.385pt>
File: FIGURES/Chapter4/Section3/SubSection2/ShapeBy.png Graphic file (type png)
<use FIGURES/Chapter4/Section3/SubSection2/ShapeBy.png>
Package pdftex.def Info: FIGURES/Chapter4/Section3/SubSection2/ShapeBy.png  used on input line 1489.
(pdftex.def)             Requested size: 322.65205pt x 186.76338pt.

LaTeX Warning: `!h' float specifier changed to `!ht'.



[62]

[63 <./FIGURES/Chapter4/Section3/SubSection2/ShapeBy.png>])

[64]
Overfull \hbox (12.361pt too wide) in paragraph at lines 122--122
\OT1/cmr/m/sc/10 isbn\OT1/cmr/m/n/10 : 9780081003749. \OT1/cmr/m/sc/10 url\OT1/cmr/m/n/10 : [][]$\OT1/cmtt/m/n/10 https : / / books . google . it / books ? id = 2drWDgAAQBAJ$[][]\OT1/cmr/m/n/10 . 
 []



[65




]

[66]
Overfull \hbox (19.83093pt too wide) in paragraph at lines 122--122
[][]\OT1/cmr/m/n/10 Lecoffre, Y. (1999). \OT1/cmr/m/it/10 Cav-i-ta-tion: Bub-ble Track-ers\OT1/cmr/m/n/10 . Tay-lor & Fran-cis. \OT1/cmr/m/sc/10 isbn\OT1/cmr/m/n/10 : 9789054107835.
 []


Overfull \hbox (51.4075pt too wide) in paragraph at lines 122--122
\OT1/cmr/m/n/10 727. \OT1/cmr/m/sc/10 issn\OT1/cmr/m/n/10 : 0098-2202. \OT1/cmr/m/sc/10 doi\OT1/cmr/m/n/10 : [][]$\OT1/cmtt/m/n/10 10 . 1115 / 1 . 2820729$[][]\OT1/cmr/m/n/10 . eprint: [][]$\OT1/cmtt/m/n/10 https : / / asmedigitalcollection .
 []



[67]
Overfull \hbox (19.05905pt too wide) in paragraph at lines 122--122
[][]\OT1/cmr/m/n/10 Ross, D. (2013). \OT1/cmr/m/it/10 Me-chan-ics of Un-der-wa-ter Noise\OT1/cmr/m/n/10 . El-se-vier Sci-ence. \OT1/cmr/m/sc/10 isbn\OT1/cmr/m/n/10 : 9781483160467.
 []



[68]
Overfull \hbox (5.31146pt too wide) in paragraph at lines 122--122
[][]\OT1/cmr/m/n/10 Vogel, A and W Lauter-born (1988). \  Acous-tic tran-sient gen-er-a-tion by laser-produced
 []


Overfull \hbox (3.26727pt too wide) in paragraph at lines 122--122
\OT1/cmr/m/it/10 IEEE Trans-ac-tions on pat-tern anal-y-sis and ma-chine in-tel-li-gence \OT1/cmr/m/n/10 22.11, pp. 1330{
 []



[69] (c:\Users\giova\OneDrive - unige.it\DOCUMENTS\Ph.D. Thesis\build\main.aux (c:\Users\giova\OneDrive - unige.it\DOCUMENTS\Ph.D. Thesis\build\CHAPTERS/abstract.aux) (c:\Users\giova\OneDrive - unige.it\DOCUMENTS\Ph.D. Thesis\build\CHAPTERS/chapter1.aux) (c:\Users\giova\OneDrive - unige.it\DOCUMENTS\Ph.D. Thesis\build\CHAPTERS/chapter2.aux) (c:\Users\giova\OneDrive - unige.it\DOCUMENTS\Ph.D. Thesis\build\CHAPTERS/chapter3.aux) (c:\Users\giova\OneDrive - unige.it\DOCUMENTS\Ph.D. Thesis\build\CHAPTERS/chapter4.aux))
 ***********
LaTeX2e <2024-11-01> patch level 1
L3 programming layer <2024-11-02>
 ***********


LaTeX Warning: There were undefined references.

Package rerunfilecheck Info: File `main.out' has not changed.
(rerunfilecheck)             Checksum: 5C5A1D66C6075B91DB250EEEF024B46F;8543.
Package logreq Info: Writing requests to 'main.run.xml'.
\openout1 = `main.run.xml'.

 ) 
Here is how much of TeX's memory you used:
 24644 strings out of 473650
 459034 string characters out of 5717934
 1295449 words of memory out of 5000000
 47123 multiletter control sequences out of 15000+600000
 568000 words of font info for 73 fonts, out of 8000000 for 9000
 1141 hyphenation exceptions out of 8191
 66i,21n,81p,1215b,2817s stack positions out of 10000i,1000n,20000p,200000b,200000s
 <C:\Users\giova\AppData\Local\MiKTeX\fonts/pk/ljfour/jknappen/ec/dpi600\tcrm1000.pk><C:/Users/giova/AppData/Local/Programs/MiKTeX/fonts/type1/public/amsfonts/cm/cmbx10.pfb><C:/Users/giova/AppData/Local/Programs/MiKTeX/fonts/type1/public/amsfonts/cm/cmbx12.pfb><C:/Users/giova/AppData/Local/Programs/MiKTeX/fonts/type1/public/amsfonts/cm/cmcsc10.pfb><C:/Users/giova/AppData/Local/Programs/MiKTeX/fonts/type1/public/amsfonts/cm/cmex10.pfb><C:/Users/giova/AppData/Local/Programs/MiKTeX/fonts/type1/public/amsfonts/cm/cmmi10.pfb><C:/Users/giova/AppData/Local/Programs/MiKTeX/fonts/type1/public/amsfonts/cm/cmmi5.pfb><C:/Users/giova/AppData/Local/Programs/MiKTeX/fonts/type1/public/amsfonts/cm/cmmi7.pfb><C:/Users/giova/AppData/Local/Programs/MiKTeX/fonts/type1/public/amsfonts/cm/cmr10.pfb><C:/Users/giova/AppData/Local/Programs/MiKTeX/fonts/type1/public/amsfonts/cm/cmr12.pfb><C:/Users/giova/AppData/Local/Programs/MiKTeX/fonts/type1/public/amsfonts/cm/cmr5.pfb><C:/Users/giova/AppData/Local/Programs/MiKTeX/fonts/type1/public/amsfonts/cm/cmr7.pfb><C:/Users/giova/AppData/Local/Programs/MiKTeX/fonts/type1/public/amsfonts/cm/cmr9.pfb><C:/Users/giova/AppData/Local/Programs/MiKTeX/fonts/type1/public/amsfonts/cm/cmsy10.pfb><C:/Users/giova/AppData/Local/Programs/MiKTeX/fonts/type1/public/amsfonts/cm/cmsy7.pfb><C:/Users/giova/AppData/Local/Programs/MiKTeX/fonts/type1/public/amsfonts/cm/cmti10.pfb><C:/Users/giova/AppData/Local/Programs/MiKTeX/fonts/type1/public/amsfonts/cm/cmti12.pfb><C:/Users/giova/AppData/Local/Programs/MiKTeX/fonts/type1/public/amsfonts/cm/cmtt10.pfb><C:/Users/giova/AppData/Local/Programs/MiKTeX/fonts/type1/public/amsfonts/symbols/msam10.pfb><C:/Users/giova/AppData/Local/Programs/MiKTeX/fonts/type1/public/amsfonts/symbols/msbm10.pfb>
Output written on "c:\Users\giova\OneDrive - unige.it\DOCUMENTS\Ph.D. Thesis\build\main.pdf" (79 pages, 11097343 bytes).
PDF statistics:
 1756 PDF objects out of 2073 (max. 8388607)
 296 named destinations out of 1000 (max. 500000)
 661 words of extra memory for PDF output out of 10000 (max. 10000000)

